
Script my_project_slides.tex in latexmk -pdf -bibtex started at 2025-07-14 13:17:29
Script my_project_slides.tex finished successfully at 2025-07-14 13:17:31
Output: Latexmk: This is Latexmk, John Collins, 18 June 2019, version: 4.65.
Rule 'pdflatex': The following rules & subrules became out-of-date:
      'pdflatex'
------------
Run number 1 of rule 'pdflatex'
------------
------------
Running 'pdflatex  -interaction=nonstopmode -recorder  "my_project_slides.tex"'
------------
Latexmk: applying rule 'pdflatex'...
This is pdfTeX, Version 3.14159265-2.6-1.40.20 (TeX Live 2019) (preloaded format=pdflatex)
 restricted \write18 enabled.
entering extended mode
(./my_project_slides.tex
LaTeX2e <2019-10-01> patch level 1
(/share/software/user/open/texlive/2019/texmf-dist/tex/latex/beamer/beamer.cls
Document Class: beamer 2019/09/29 v3.57 A class for typesetting presentations

(/share/software/user/open/texlive/2019/texmf-dist/tex/latex/beamer/beamerbasem
odes.sty
(/share/software/user/open/texlive/2019/texmf-dist/tex/latex/etoolbox/etoolbox.
sty)
(/share/software/user/open/texlive/2019/texmf-dist/tex/latex/beamer/beamerbased
ecode.sty))
(/share/software/user/open/texlive/2019/texmf-dist/tex/generic/oberdiek/ifpdf.s
ty)
(/share/software/user/open/texlive/2019/texmf-dist/tex/latex/beamer/beamerbaseo
ptions.sty
(/share/software/user/open/texlive/2019/texmf-dist/tex/latex/graphics/keyval.st
y))
(/share/software/user/open/texlive/2019/texmf-dist/tex/latex/geometry/geometry.
sty
(/share/software/user/open/texlive/2019/texmf-dist/tex/generic/oberdiek/ifvtex.
sty)
(/share/software/user/open/texlive/2019/texmf-dist/tex/generic/ifxetex/ifxetex.
sty))
(/share/software/user/open/texlive/2019/texmf-dist/tex/latex/base/size10.clo)
(/share/software/user/open/texlive/2019/texmf-dist/tex/latex/pgf/basiclayer/pgf
core.sty
(/share/software/user/open/texlive/2019/texmf-dist/tex/latex/graphics/graphicx.
sty
(/share/software/user/open/texlive/2019/texmf-dist/tex/latex/graphics/graphics.
sty
(/share/software/user/open/texlive/2019/texmf-dist/tex/latex/graphics/trig.sty)

(/share/software/user/open/texlive/2019/texmf-dist/tex/latex/graphics-cfg/graph
ics.cfg)
(/share/software/user/open/texlive/2019/texmf-dist/tex/latex/graphics-def/pdfte
x.def)))
(/share/software/user/open/texlive/2019/texmf-dist/tex/latex/pgf/systemlayer/pg
fsys.sty
(/share/software/user/open/texlive/2019/texmf-dist/tex/latex/pgf/utilities/pgfr
cs.sty
(/share/software/user/open/texlive/2019/texmf-dist/tex/generic/pgf/utilities/pg
futil-common.tex
(/share/software/user/open/texlive/2019/texmf-dist/tex/generic/pgf/utilities/pg
futil-common-lists.tex))
(/share/software/user/open/texlive/2019/texmf-dist/tex/generic/pgf/utilities/pg
futil-latex.def
(/share/software/user/open/texlive/2019/texmf-dist/tex/latex/ms/everyshi.sty))
(/share/software/user/open/texlive/2019/texmf-dist/tex/generic/pgf/utilities/pg
frcs.code.tex
(/share/software/user/open/texlive/2019/texmf-dist/tex/generic/pgf/pgf.revision
.tex)))
(/share/software/user/open/texlive/2019/texmf-dist/tex/generic/pgf/systemlayer/
pgfsys.code.tex
(/share/software/user/open/texlive/2019/texmf-dist/tex/generic/pgf/utilities/pg
fkeys.code.tex
(/share/software/user/open/texlive/2019/texmf-dist/tex/generic/pgf/utilities/pg
fkeysfiltered.code.tex))
(/share/software/user/open/texlive/2019/texmf-dist/tex/generic/pgf/systemlayer/
pgf.cfg)
(/share/software/user/open/texlive/2019/texmf-dist/tex/generic/pgf/systemlayer/
pgfsys-pdftex.def
(/share/software/user/open/texlive/2019/texmf-dist/tex/generic/pgf/systemlayer/
pgfsys-common-pdf.def)))
(/share/software/user/open/texlive/2019/texmf-dist/tex/generic/pgf/systemlayer/
pgfsyssoftpath.code.tex)
(/share/software/user/open/texlive/2019/texmf-dist/tex/generic/pgf/systemlayer/
pgfsysprotocol.code.tex))
(/share/software/user/open/texlive/2019/texmf-dist/tex/latex/xcolor/xcolor.sty
(/share/software/user/open/texlive/2019/texmf-dist/tex/latex/graphics-cfg/color
.cfg))
(/share/software/user/open/texlive/2019/texmf-dist/tex/generic/pgf/basiclayer/p
gfcore.code.tex
(/share/software/user/open/texlive/2019/texmf-dist/tex/generic/pgf/math/pgfmath
.code.tex
(/share/software/user/open/texlive/2019/texmf-dist/tex/generic/pgf/math/pgfmath
calc.code.tex
(/share/software/user/open/texlive/2019/texmf-dist/tex/generic/pgf/math/pgfmath
util.code.tex)
(/share/software/user/open/texlive/2019/texmf-dist/tex/generic/pgf/math/pgfmath
parser.code.tex)
(/share/software/user/open/texlive/2019/texmf-dist/tex/generic/pgf/math/pgfmath
functions.code.tex
(/share/software/user/open/texlive/2019/texmf-dist/tex/generic/pgf/math/pgfmath
functions.basic.code.tex)
(/share/software/user/open/texlive/2019/texmf-dist/tex/generic/pgf/math/pgfmath
functions.trigonometric.code.tex)
(/share/software/user/open/texlive/2019/texmf-dist/tex/generic/pgf/math/pgfmath
functions.random.code.tex)
(/share/software/user/open/texlive/2019/texmf-dist/tex/generic/pgf/math/pgfmath
functions.comparison.code.tex)
(/share/software/user/open/texlive/2019/texmf-dist/tex/generic/pgf/math/pgfmath
functions.base.code.tex)
(/share/software/user/open/texlive/2019/texmf-dist/tex/generic/pgf/math/pgfmath
functions.round.code.tex)
(/share/software/user/open/texlive/2019/texmf-dist/tex/generic/pgf/math/pgfmath
functions.misc.code.tex)
(/share/software/user/open/texlive/2019/texmf-dist/tex/generic/pgf/math/pgfmath
functions.integerarithmetics.code.tex)))
(/share/software/user/open/texlive/2019/texmf-dist/tex/generic/pgf/math/pgfmath
float.code.tex))
(/share/software/user/open/texlive/2019/texmf-dist/tex/generic/pgf/math/pgfint.
code.tex)
(/share/software/user/open/texlive/2019/texmf-dist/tex/generic/pgf/basiclayer/p
gfcorepoints.code.tex)
(/share/software/user/open/texlive/2019/texmf-dist/tex/generic/pgf/basiclayer/p
gfcorepathconstruct.code.tex)
(/share/software/user/open/texlive/2019/texmf-dist/tex/generic/pgf/basiclayer/p
gfcorepathusage.code.tex)
(/share/software/user/open/texlive/2019/texmf-dist/tex/generic/pgf/basiclayer/p
gfcorescopes.code.tex)
(/share/software/user/open/texlive/2019/texmf-dist/tex/generic/pgf/basiclayer/p
gfcoregraphicstate.code.tex)
(/share/software/user/open/texlive/2019/texmf-dist/tex/generic/pgf/basiclayer/p
gfcoretransformations.code.tex)
(/share/software/user/open/texlive/2019/texmf-dist/tex/generic/pgf/basiclayer/p
gfcorequick.code.tex)
(/share/software/user/open/texlive/2019/texmf-dist/tex/generic/pgf/basiclayer/p
gfcoreobjects.code.tex)
(/share/software/user/open/texlive/2019/texmf-dist/tex/generic/pgf/basiclayer/p
gfcorepathprocessing.code.tex)
(/share/software/user/open/texlive/2019/texmf-dist/tex/generic/pgf/basiclayer/p
gfcorearrows.code.tex)
(/share/software/user/open/texlive/2019/texmf-dist/tex/generic/pgf/basiclayer/p
gfcoreshade.code.tex)
(/share/software/user/open/texlive/2019/texmf-dist/tex/generic/pgf/basiclayer/p
gfcoreimage.code.tex
(/share/software/user/open/texlive/2019/texmf-dist/tex/generic/pgf/basiclayer/p
gfcoreexternal.code.tex))
(/share/software/user/open/texlive/2019/texmf-dist/tex/generic/pgf/basiclayer/p
gfcorelayers.code.tex)
(/share/software/user/open/texlive/2019/texmf-dist/tex/generic/pgf/basiclayer/p
gfcoretransparency.code.tex)
(/share/software/user/open/texlive/2019/texmf-dist/tex/generic/pgf/basiclayer/p
gfcorepatterns.code.tex)
(/share/software/user/open/texlive/2019/texmf-dist/tex/generic/pgf/basiclayer/p
gfcorerdf.code.tex)))
(/share/software/user/open/texlive/2019/texmf-dist/tex/latex/pgf/utilities/xxco
lor.sty)
(/share/software/user/open/texlive/2019/texmf-dist/tex/generic/oberdiek/atbegsh
i.sty
(/share/software/user/open/texlive/2019/texmf-dist/tex/generic/oberdiek/infware
rr.sty)
(/share/software/user/open/texlive/2019/texmf-dist/tex/generic/oberdiek/ltxcmds
.sty))
(/share/software/user/open/texlive/2019/texmf-dist/tex/latex/hyperref/hyperref.
sty
(/share/software/user/open/texlive/2019/texmf-dist/tex/generic/oberdiek/hobsub-
hyperref.sty
(/share/software/user/open/texlive/2019/texmf-dist/tex/generic/oberdiek/hobsub-
generic.sty))
(/share/software/user/open/texlive/2019/texmf-dist/tex/latex/oberdiek/auxhook.s
ty)
(/share/software/user/open/texlive/2019/texmf-dist/tex/latex/oberdiek/kvoptions
.sty)
(/share/software/user/open/texlive/2019/texmf-dist/tex/latex/hyperref/pd1enc.de
f)
(/share/software/user/open/texlive/2019/texmf-dist/tex/latex/latexconfig/hyperr
ef.cfg)
(/share/software/user/open/texlive/2019/texmf-dist/tex/latex/url/url.sty)

Package hyperref Message: Stopped early.

)
(/share/software/user/open/texlive/2019/texmf-dist/tex/latex/hyperref/hpdftex.d
ef
(/share/software/user/open/texlive/2019/texmf-dist/tex/latex/oberdiek/rerunfile
check.sty))
(/share/software/user/open/texlive/2019/texmf-dist/tex/latex/beamer/beamerbaser
equires.sty
(/share/software/user/open/texlive/2019/texmf-dist/tex/latex/beamer/beamerbasec
ompatibility.sty)
(/share/software/user/open/texlive/2019/texmf-dist/tex/latex/beamer/beamerbasef
ont.sty
(/share/software/user/open/texlive/2019/texmf-dist/tex/latex/amsfonts/amssymb.s
ty
(/share/software/user/open/texlive/2019/texmf-dist/tex/latex/amsfonts/amsfonts.
sty))
(/share/software/user/open/texlive/2019/texmf-dist/tex/latex/sansmathaccent/san
smathaccent.sty
(/share/software/user/open/texlive/2019/texmf-dist/tex/latex/filehook/filehook.
sty)))
(/share/software/user/open/texlive/2019/texmf-dist/tex/latex/beamer/beamerbaset
ranslator.sty
(/share/software/user/open/texlive/2019/texmf-dist/tex/latex/translator/transla
tor.sty))
(/share/software/user/open/texlive/2019/texmf-dist/tex/latex/beamer/beamerbasem
isc.sty)
(/share/software/user/open/texlive/2019/texmf-dist/tex/latex/beamer/beamerbaset
woscreens.sty)
(/share/software/user/open/texlive/2019/texmf-dist/tex/latex/beamer/beamerbaseo
verlay.sty)
(/share/software/user/open/texlive/2019/texmf-dist/tex/latex/beamer/beamerbaset
itle.sty)
(/share/software/user/open/texlive/2019/texmf-dist/tex/latex/beamer/beamerbases
ection.sty)
(/share/software/user/open/texlive/2019/texmf-dist/tex/latex/beamer/beamerbasef
rame.sty)
(/share/software/user/open/texlive/2019/texmf-dist/tex/latex/beamer/beamerbasev
erbatim.sty)
(/share/software/user/open/texlive/2019/texmf-dist/tex/latex/beamer/beamerbasef
ramesize.sty)
(/share/software/user/open/texlive/2019/texmf-dist/tex/latex/beamer/beamerbasef
ramecomponents.sty)
(/share/software/user/open/texlive/2019/texmf-dist/tex/latex/beamer/beamerbasec
olor.sty)
(/share/software/user/open/texlive/2019/texmf-dist/tex/latex/beamer/beamerbasen
otes.sty)
(/share/software/user/open/texlive/2019/texmf-dist/tex/latex/beamer/beamerbaset
oc.sty)
(/share/software/user/open/texlive/2019/texmf-dist/tex/latex/beamer/beamerbaset
emplates.sty
(/share/software/user/open/texlive/2019/texmf-dist/tex/latex/beamer/beamerbasea
uxtemplates.sty
(/share/software/user/open/texlive/2019/texmf-dist/tex/latex/beamer/beamerbaseb
oxes.sty)))
(/share/software/user/open/texlive/2019/texmf-dist/tex/latex/beamer/beamerbasel
ocalstructure.sty
(/share/software/user/open/texlive/2019/texmf-dist/tex/latex/tools/enumerate.st
y))
(/share/software/user/open/texlive/2019/texmf-dist/tex/latex/beamer/beamerbasen
avigation.sty)
(/share/software/user/open/texlive/2019/texmf-dist/tex/latex/beamer/beamerbaset
heorems.sty
(/share/software/user/open/texlive/2019/texmf-dist/tex/latex/amsmath/amsmath.st
y
For additional information on amsmath, use the `?' option.

(/share/software/user/open/texlive/2019/texmf-dist/tex/latex/amsmath/amstext.st
y
(/share/software/user/open/texlive/2019/texmf-dist/tex/latex/amsmath/amsgen.sty
))
(/share/software/user/open/texlive/2019/texmf-dist/tex/latex/amsmath/amsbsy.sty
)
(/share/software/user/open/texlive/2019/texmf-dist/tex/latex/amsmath/amsopn.sty
))
(/share/software/user/open/texlive/2019/texmf-dist/tex/latex/amscls/amsthm.sty)
)
(/share/software/user/open/texlive/2019/texmf-dist/tex/latex/beamer/beamerbaset
hemes.sty))
(/share/software/user/open/texlive/2019/texmf-dist/tex/latex/beamer/beamertheme
default.sty
(/share/software/user/open/texlive/2019/texmf-dist/tex/latex/beamer/beamerfontt
hemedefault.sty)
(/share/software/user/open/texlive/2019/texmf-dist/tex/latex/beamer/beamercolor
themedefault.sty)
(/share/software/user/open/texlive/2019/texmf-dist/tex/latex/beamer/beamerinner
themedefault.sty)
(/share/software/user/open/texlive/2019/texmf-dist/tex/latex/beamer/beamerouter
themedefault.sty)))
(/share/software/user/open/texlive/2019/texmf-dist/tex/latex/base/fontenc.sty
(/share/software/user/open/texlive/2019/texmf-dist/tex/latex/base/t1enc.def))
(/share/software/user/open/texlive/2019/texmf-dist/tex/latex/base/inputenc.sty
(/share/software/user/open/texlive/2019/texmf-dist/tex/latex/base/latin9.def))
(/share/software/user/open/texlive/2019/texmf-dist/tex/latex/multirow/multirow.
sty)
(/share/software/user/open/texlive/2019/texmf-dist/tex/latex/tools/xspace.sty)
(/share/software/user/open/texlive/2019/texmf-dist/tex/latex/booktabs/booktabs.
sty)
(/share/software/user/open/texlive/2019/texmf-dist/tex/latex/tools/dcolumn.sty
(/share/software/user/open/texlive/2019/texmf-dist/tex/latex/tools/array.sty))

Package hyperref Warning: Token not allowed in a PDF string (PDFDocEncoding):
(hyperref)                removing `\\' on input line 35.

(./my_project_slides.aux)
*geometry* driver: auto-detecting
*geometry* detected driver: pdftex

(/share/software/user/open/texlive/2019/texmf-dist/tex/context/base/mkii/supp-p
df.mkii
[Loading MPS to PDF converter (version 2006.09.02).]
)
(/share/software/user/open/texlive/2019/texmf-dist/tex/latex/oberdiek/epstopdf-
base.sty
(/share/software/user/open/texlive/2019/texmf-dist/tex/latex/oberdiek/grfext.st
y)
(/share/software/user/open/texlive/2019/texmf-dist/tex/latex/latexconfig/epstop
df-sys.cfg)) ABD: EveryShipout initializing macros
(/share/software/user/open/texlive/2019/texmf-dist/tex/latex/hyperref/nameref.s
ty
(/share/software/user/open/texlive/2019/texmf-dist/tex/generic/oberdiek/gettitl
estring.sty))
(/share/software/user/open/texlive/2019/texmf-dist/tex/latex/translator/transla
tor-basic-dictionary-English.dict)
(/share/software/user/open/texlive/2019/texmf-dist/tex/latex/translator/transla
tor-bibliography-dictionary-English.dict)
(/share/software/user/open/texlive/2019/texmf-dist/tex/latex/translator/transla
tor-environment-dictionary-English.dict)
(/share/software/user/open/texlive/2019/texmf-dist/tex/latex/translator/transla
tor-months-dictionary-English.dict)
(/share/software/user/open/texlive/2019/texmf-dist/tex/latex/translator/transla
tor-numbers-dictionary-English.dict)
(/share/software/user/open/texlive/2019/texmf-dist/tex/latex/translator/transla
tor-theorem-dictionary-English.dict)
No file my_project_slides.nav.
[1{/share/software/user/open/texlive/2019/texmf-var/fonts/map/pdftex/updmap/pdf
tex.map}] [2] [3] [4] [5] [6 <../input/figure_city.jpg>] [7 <../input/figure_hw
y.jpg>] (../input/table_reg.tex
(/share/software/user/open/texlive/2019/texmf-dist/tex/latex/amsfonts/umsa.fd)
(/share/software/user/open/texlive/2019/texmf-dist/tex/latex/amsfonts/umsb.fd)
(/share/software/user/open/texlive/2019/texmf-dist/tex/latex/sansmathaccent/ot1
mathkerncmss.fd))
Overfull \vbox (38.79436pt too high) detected at line 96
[8] [9] (./my_project_slides.aux)

Package rerunfilecheck Warning: File `my_project_slides.out' has changed.
(rerunfilecheck)                Rerun to get outlines right
(rerunfilecheck)                or use package `bookmark'.

 )
(see the transcript file for additional information){/share/software/user/open/
texlive/2019/texmf-dist/fonts/enc/dvips/cm-super/cm-super-t1.enc}</share/softwa
re/user/open/texlive/2019/texmf-dist/fonts/type1/public/amsfonts/cm/cmmi10.pfb>
</share/software/user/open/texlive/2019/texmf-dist/fonts/type1/public/amsfonts/
cm/cmss10.pfb></share/software/user/open/texlive/2019/texmf-dist/fonts/type1/pu
blic/amsfonts/cm/cmsy10.pfb></share/software/user/open/texlive/2019/texmf-dist/
fonts/type1/public/amsfonts/cm/cmsy7.pfb></share/software/user/open/texlive/201
9/texmf-dist/fonts/type1/public/cm-super/sfsi1000.pfb></share/software/user/ope
n/texlive/2019/texmf-dist/fonts/type1/public/cm-super/sfss0700.pfb></share/soft
ware/user/open/texlive/2019/texmf-dist/fonts/type1/public/cm-super/sfss0900.pfb
></share/software/user/open/texlive/2019/texmf-dist/fonts/type1/public/cm-super
/sfss1000.pfb></share/software/user/open/texlive/2019/texmf-dist/fonts/type1/pu
blic/cm-super/sfss1440.pfb></share/software/user/open/texlive/2019/texmf-dist/f
onts/type1/public/cm-super/sfsx0900.pfb></share/software/user/open/texlive/2019
/texmf-dist/fonts/type1/public/cm-super/sfsx1000.pfb>
Output written on my_project_slides.pdf (9 pages, 935226 bytes).
Transcript written on my_project_slides.log.
Latexmk: Missing input file: 'my_project_slides.nav' from line
  'No file my_project_slides.nav.'
Latexmk: References changed.
Latexmk: Log file says output to 'my_project_slides.pdf'
Rule 'pdflatex': File changes, etc:
   Changed files, or newly in use since previous run(s):
      'my_project_slides.aux'
      'my_project_slides.nav'
      'my_project_slides.out'
------------
Run number 2 of rule 'pdflatex'
------------
------------
Running 'pdflatex  -interaction=nonstopmode -recorder  "my_project_slides.tex"'
------------
=== TeX engine is 'pdfTeX'
Latexmk: applying rule 'pdflatex'...
This is pdfTeX, Version 3.14159265-2.6-1.40.20 (TeX Live 2019) (preloaded format=pdflatex)
 restricted \write18 enabled.
entering extended mode
(./my_project_slides.tex
LaTeX2e <2019-10-01> patch level 1
(/share/software/user/open/texlive/2019/texmf-dist/tex/latex/beamer/beamer.cls
Document Class: beamer 2019/09/29 v3.57 A class for typesetting presentations

(/share/software/user/open/texlive/2019/texmf-dist/tex/latex/beamer/beamerbasem
odes.sty
(/share/software/user/open/texlive/2019/texmf-dist/tex/latex/etoolbox/etoolbox.
sty)
(/share/software/user/open/texlive/2019/texmf-dist/tex/latex/beamer/beamerbased
ecode.sty))
(/share/software/user/open/texlive/2019/texmf-dist/tex/generic/oberdiek/ifpdf.s
ty)
(/share/software/user/open/texlive/2019/texmf-dist/tex/latex/beamer/beamerbaseo
ptions.sty
(/share/software/user/open/texlive/2019/texmf-dist/tex/latex/graphics/keyval.st
y))
(/share/software/user/open/texlive/2019/texmf-dist/tex/latex/geometry/geometry.
sty
(/share/software/user/open/texlive/2019/texmf-dist/tex/generic/oberdiek/ifvtex.
sty)
(/share/software/user/open/texlive/2019/texmf-dist/tex/generic/ifxetex/ifxetex.
sty))
(/share/software/user/open/texlive/2019/texmf-dist/tex/latex/base/size10.clo)
(/share/software/user/open/texlive/2019/texmf-dist/tex/latex/pgf/basiclayer/pgf
core.sty
(/share/software/user/open/texlive/2019/texmf-dist/tex/latex/graphics/graphicx.
sty
(/share/software/user/open/texlive/2019/texmf-dist/tex/latex/graphics/graphics.
sty
(/share/software/user/open/texlive/2019/texmf-dist/tex/latex/graphics/trig.sty)

(/share/software/user/open/texlive/2019/texmf-dist/tex/latex/graphics-cfg/graph
ics.cfg)
(/share/software/user/open/texlive/2019/texmf-dist/tex/latex/graphics-def/pdfte
x.def)))
(/share/software/user/open/texlive/2019/texmf-dist/tex/latex/pgf/systemlayer/pg
fsys.sty
(/share/software/user/open/texlive/2019/texmf-dist/tex/latex/pgf/utilities/pgfr
cs.sty
(/share/software/user/open/texlive/2019/texmf-dist/tex/generic/pgf/utilities/pg
futil-common.tex
(/share/software/user/open/texlive/2019/texmf-dist/tex/generic/pgf/utilities/pg
futil-common-lists.tex))
(/share/software/user/open/texlive/2019/texmf-dist/tex/generic/pgf/utilities/pg
futil-latex.def
(/share/software/user/open/texlive/2019/texmf-dist/tex/latex/ms/everyshi.sty))
(/share/software/user/open/texlive/2019/texmf-dist/tex/generic/pgf/utilities/pg
frcs.code.tex
(/share/software/user/open/texlive/2019/texmf-dist/tex/generic/pgf/pgf.revision
.tex)))
(/share/software/user/open/texlive/2019/texmf-dist/tex/generic/pgf/systemlayer/
pgfsys.code.tex
(/share/software/user/open/texlive/2019/texmf-dist/tex/generic/pgf/utilities/pg
fkeys.code.tex
(/share/software/user/open/texlive/2019/texmf-dist/tex/generic/pgf/utilities/pg
fkeysfiltered.code.tex))
(/share/software/user/open/texlive/2019/texmf-dist/tex/generic/pgf/systemlayer/
pgf.cfg)
(/share/software/user/open/texlive/2019/texmf-dist/tex/generic/pgf/systemlayer/
pgfsys-pdftex.def
(/share/software/user/open/texlive/2019/texmf-dist/tex/generic/pgf/systemlayer/
pgfsys-common-pdf.def)))
(/share/software/user/open/texlive/2019/texmf-dist/tex/generic/pgf/systemlayer/
pgfsyssoftpath.code.tex)
(/share/software/user/open/texlive/2019/texmf-dist/tex/generic/pgf/systemlayer/
pgfsysprotocol.code.tex))
(/share/software/user/open/texlive/2019/texmf-dist/tex/latex/xcolor/xcolor.sty
(/share/software/user/open/texlive/2019/texmf-dist/tex/latex/graphics-cfg/color
.cfg))
(/share/software/user/open/texlive/2019/texmf-dist/tex/generic/pgf/basiclayer/p
gfcore.code.tex
(/share/software/user/open/texlive/2019/texmf-dist/tex/generic/pgf/math/pgfmath
.code.tex
(/share/software/user/open/texlive/2019/texmf-dist/tex/generic/pgf/math/pgfmath
calc.code.tex
(/share/software/user/open/texlive/2019/texmf-dist/tex/generic/pgf/math/pgfmath
util.code.tex)
(/share/software/user/open/texlive/2019/texmf-dist/tex/generic/pgf/math/pgfmath
parser.code.tex)
(/share/software/user/open/texlive/2019/texmf-dist/tex/generic/pgf/math/pgfmath
functions.code.tex
(/share/software/user/open/texlive/2019/texmf-dist/tex/generic/pgf/math/pgfmath
functions.basic.code.tex)
(/share/software/user/open/texlive/2019/texmf-dist/tex/generic/pgf/math/pgfmath
functions.trigonometric.code.tex)
(/share/software/user/open/texlive/2019/texmf-dist/tex/generic/pgf/math/pgfmath
functions.random.code.tex)
(/share/software/user/open/texlive/2019/texmf-dist/tex/generic/pgf/math/pgfmath
functions.comparison.code.tex)
(/share/software/user/open/texlive/2019/texmf-dist/tex/generic/pgf/math/pgfmath
functions.base.code.tex)
(/share/software/user/open/texlive/2019/texmf-dist/tex/generic/pgf/math/pgfmath
functions.round.code.tex)
(/share/software/user/open/texlive/2019/texmf-dist/tex/generic/pgf/math/pgfmath
functions.misc.code.tex)
(/share/software/user/open/texlive/2019/texmf-dist/tex/generic/pgf/math/pgfmath
functions.integerarithmetics.code.tex)))
(/share/software/user/open/texlive/2019/texmf-dist/tex/generic/pgf/math/pgfmath
float.code.tex))
(/share/software/user/open/texlive/2019/texmf-dist/tex/generic/pgf/math/pgfint.
code.tex)
(/share/software/user/open/texlive/2019/texmf-dist/tex/generic/pgf/basiclayer/p
gfcorepoints.code.tex)
(/share/software/user/open/texlive/2019/texmf-dist/tex/generic/pgf/basiclayer/p
gfcorepathconstruct.code.tex)
(/share/software/user/open/texlive/2019/texmf-dist/tex/generic/pgf/basiclayer/p
gfcorepathusage.code.tex)
(/share/software/user/open/texlive/2019/texmf-dist/tex/generic/pgf/basiclayer/p
gfcorescopes.code.tex)
(/share/software/user/open/texlive/2019/texmf-dist/tex/generic/pgf/basiclayer/p
gfcoregraphicstate.code.tex)
(/share/software/user/open/texlive/2019/texmf-dist/tex/generic/pgf/basiclayer/p
gfcoretransformations.code.tex)
(/share/software/user/open/texlive/2019/texmf-dist/tex/generic/pgf/basiclayer/p
gfcorequick.code.tex)
(/share/software/user/open/texlive/2019/texmf-dist/tex/generic/pgf/basiclayer/p
gfcoreobjects.code.tex)
(/share/software/user/open/texlive/2019/texmf-dist/tex/generic/pgf/basiclayer/p
gfcorepathprocessing.code.tex)
(/share/software/user/open/texlive/2019/texmf-dist/tex/generic/pgf/basiclayer/p
gfcorearrows.code.tex)
(/share/software/user/open/texlive/2019/texmf-dist/tex/generic/pgf/basiclayer/p
gfcoreshade.code.tex)
(/share/software/user/open/texlive/2019/texmf-dist/tex/generic/pgf/basiclayer/p
gfcoreimage.code.tex
(/share/software/user/open/texlive/2019/texmf-dist/tex/generic/pgf/basiclayer/p
gfcoreexternal.code.tex))
(/share/software/user/open/texlive/2019/texmf-dist/tex/generic/pgf/basiclayer/p
gfcorelayers.code.tex)
(/share/software/user/open/texlive/2019/texmf-dist/tex/generic/pgf/basiclayer/p
gfcoretransparency.code.tex)
(/share/software/user/open/texlive/2019/texmf-dist/tex/generic/pgf/basiclayer/p
gfcorepatterns.code.tex)
(/share/software/user/open/texlive/2019/texmf-dist/tex/generic/pgf/basiclayer/p
gfcorerdf.code.tex)))
(/share/software/user/open/texlive/2019/texmf-dist/tex/latex/pgf/utilities/xxco
lor.sty)
(/share/software/user/open/texlive/2019/texmf-dist/tex/generic/oberdiek/atbegsh
i.sty
(/share/software/user/open/texlive/2019/texmf-dist/tex/generic/oberdiek/infware
rr.sty)
(/share/software/user/open/texlive/2019/texmf-dist/tex/generic/oberdiek/ltxcmds
.sty))
(/share/software/user/open/texlive/2019/texmf-dist/tex/latex/hyperref/hyperref.
sty
(/share/software/user/open/texlive/2019/texmf-dist/tex/generic/oberdiek/hobsub-
hyperref.sty
(/share/software/user/open/texlive/2019/texmf-dist/tex/generic/oberdiek/hobsub-
generic.sty))
(/share/software/user/open/texlive/2019/texmf-dist/tex/latex/oberdiek/auxhook.s
ty)
(/share/software/user/open/texlive/2019/texmf-dist/tex/latex/oberdiek/kvoptions
.sty)
(/share/software/user/open/texlive/2019/texmf-dist/tex/latex/hyperref/pd1enc.de
f)
(/share/software/user/open/texlive/2019/texmf-dist/tex/latex/latexconfig/hyperr
ef.cfg)
(/share/software/user/open/texlive/2019/texmf-dist/tex/latex/url/url.sty)

Package hyperref Message: Stopped early.

)
(/share/software/user/open/texlive/2019/texmf-dist/tex/latex/hyperref/hpdftex.d
ef
(/share/software/user/open/texlive/2019/texmf-dist/tex/latex/oberdiek/rerunfile
check.sty))
(/share/software/user/open/texlive/2019/texmf-dist/tex/latex/beamer/beamerbaser
equires.sty
(/share/software/user/open/texlive/2019/texmf-dist/tex/latex/beamer/beamerbasec
ompatibility.sty)
(/share/software/user/open/texlive/2019/texmf-dist/tex/latex/beamer/beamerbasef
ont.sty
(/share/software/user/open/texlive/2019/texmf-dist/tex/latex/amsfonts/amssymb.s
ty
(/share/software/user/open/texlive/2019/texmf-dist/tex/latex/amsfonts/amsfonts.
sty))
(/share/software/user/open/texlive/2019/texmf-dist/tex/latex/sansmathaccent/san
smathaccent.sty
(/share/software/user/open/texlive/2019/texmf-dist/tex/latex/filehook/filehook.
sty)))
(/share/software/user/open/texlive/2019/texmf-dist/tex/latex/beamer/beamerbaset
ranslator.sty
(/share/software/user/open/texlive/2019/texmf-dist/tex/latex/translator/transla
tor.sty))
(/share/software/user/open/texlive/2019/texmf-dist/tex/latex/beamer/beamerbasem
isc.sty)
(/share/software/user/open/texlive/2019/texmf-dist/tex/latex/beamer/beamerbaset
woscreens.sty)
(/share/software/user/open/texlive/2019/texmf-dist/tex/latex/beamer/beamerbaseo
verlay.sty)
(/share/software/user/open/texlive/2019/texmf-dist/tex/latex/beamer/beamerbaset
itle.sty)
(/share/software/user/open/texlive/2019/texmf-dist/tex/latex/beamer/beamerbases
ection.sty)
(/share/software/user/open/texlive/2019/texmf-dist/tex/latex/beamer/beamerbasef
rame.sty)
(/share/software/user/open/texlive/2019/texmf-dist/tex/latex/beamer/beamerbasev
erbatim.sty)
(/share/software/user/open/texlive/2019/texmf-dist/tex/latex/beamer/beamerbasef
ramesize.sty)
(/share/software/user/open/texlive/2019/texmf-dist/tex/latex/beamer/beamerbasef
ramecomponents.sty)
(/share/software/user/open/texlive/2019/texmf-dist/tex/latex/beamer/beamerbasec
olor.sty)
(/share/software/user/open/texlive/2019/texmf-dist/tex/latex/beamer/beamerbasen
otes.sty)
(/share/software/user/open/texlive/2019/texmf-dist/tex/latex/beamer/beamerbaset
oc.sty)
(/share/software/user/open/texlive/2019/texmf-dist/tex/latex/beamer/beamerbaset
emplates.sty
(/share/software/user/open/texlive/2019/texmf-dist/tex/latex/beamer/beamerbasea
uxtemplates.sty
(/share/software/user/open/texlive/2019/texmf-dist/tex/latex/beamer/beamerbaseb
oxes.sty)))
(/share/software/user/open/texlive/2019/texmf-dist/tex/latex/beamer/beamerbasel
ocalstructure.sty
(/share/software/user/open/texlive/2019/texmf-dist/tex/latex/tools/enumerate.st
y))
(/share/software/user/open/texlive/2019/texmf-dist/tex/latex/beamer/beamerbasen
avigation.sty)
(/share/software/user/open/texlive/2019/texmf-dist/tex/latex/beamer/beamerbaset
heorems.sty
(/share/software/user/open/texlive/2019/texmf-dist/tex/latex/amsmath/amsmath.st
y
For additional information on amsmath, use the `?' option.

(/share/software/user/open/texlive/2019/texmf-dist/tex/latex/amsmath/amstext.st
y
(/share/software/user/open/texlive/2019/texmf-dist/tex/latex/amsmath/amsgen.sty
))
(/share/software/user/open/texlive/2019/texmf-dist/tex/latex/amsmath/amsbsy.sty
)
(/share/software/user/open/texlive/2019/texmf-dist/tex/latex/amsmath/amsopn.sty
))
(/share/software/user/open/texlive/2019/texmf-dist/tex/latex/amscls/amsthm.sty)
)
(/share/software/user/open/texlive/2019/texmf-dist/tex/latex/beamer/beamerbaset
hemes.sty))
(/share/software/user/open/texlive/2019/texmf-dist/tex/latex/beamer/beamertheme
default.sty
(/share/software/user/open/texlive/2019/texmf-dist/tex/latex/beamer/beamerfontt
hemedefault.sty)
(/share/software/user/open/texlive/2019/texmf-dist/tex/latex/beamer/beamercolor
themedefault.sty)
(/share/software/user/open/texlive/2019/texmf-dist/tex/latex/beamer/beamerinner
themedefault.sty)
(/share/software/user/open/texlive/2019/texmf-dist/tex/latex/beamer/beamerouter
themedefault.sty)))
(/share/software/user/open/texlive/2019/texmf-dist/tex/latex/base/fontenc.sty
(/share/software/user/open/texlive/2019/texmf-dist/tex/latex/base/t1enc.def))
(/share/software/user/open/texlive/2019/texmf-dist/tex/latex/base/inputenc.sty
(/share/software/user/open/texlive/2019/texmf-dist/tex/latex/base/latin9.def))
(/share/software/user/open/texlive/2019/texmf-dist/tex/latex/multirow/multirow.
sty)
(/share/software/user/open/texlive/2019/texmf-dist/tex/latex/tools/xspace.sty)
(/share/software/user/open/texlive/2019/texmf-dist/tex/latex/booktabs/booktabs.
sty)
(/share/software/user/open/texlive/2019/texmf-dist/tex/latex/tools/dcolumn.sty
(/share/software/user/open/texlive/2019/texmf-dist/tex/latex/tools/array.sty))

Package hyperref Warning: Token not allowed in a PDF string (PDFDocEncoding):
(hyperref)                removing `\\' on input line 35.

(./my_project_slides.aux)
*geometry* driver: auto-detecting
*geometry* detected driver: pdftex

(/share/software/user/open/texlive/2019/texmf-dist/tex/context/base/mkii/supp-p
df.mkii
[Loading MPS to PDF converter (version 2006.09.02).]
)
(/share/software/user/open/texlive/2019/texmf-dist/tex/latex/oberdiek/epstopdf-
base.sty
(/share/software/user/open/texlive/2019/texmf-dist/tex/latex/oberdiek/grfext.st
y)
(/share/software/user/open/texlive/2019/texmf-dist/tex/latex/latexconfig/epstop
df-sys.cfg)) ABD: EveryShipout initializing macros
(/share/software/user/open/texlive/2019/texmf-dist/tex/latex/hyperref/nameref.s
ty
(/share/software/user/open/texlive/2019/texmf-dist/tex/generic/oberdiek/gettitl
estring.sty)) (./my_project_slides.out) (./my_project_slides.out)
(/share/software/user/open/texlive/2019/texmf-dist/tex/latex/translator/transla
tor-basic-dictionary-English.dict)
(/share/software/user/open/texlive/2019/texmf-dist/tex/latex/translator/transla
tor-bibliography-dictionary-English.dict)
(/share/software/user/open/texlive/2019/texmf-dist/tex/latex/translator/transla
tor-environment-dictionary-English.dict)
(/share/software/user/open/texlive/2019/texmf-dist/tex/latex/translator/transla
tor-months-dictionary-English.dict)
(/share/software/user/open/texlive/2019/texmf-dist/tex/latex/translator/transla
tor-numbers-dictionary-English.dict)
(/share/software/user/open/texlive/2019/texmf-dist/tex/latex/translator/transla
tor-theorem-dictionary-English.dict) (./my_project_slides.nav) [1{/share/softwa
re/user/open/texlive/2019/texmf-var/fonts/map/pdftex/updmap/pdftex.map}]
[2] [3] [4] [5] [6 <../input/figure_city.jpg>] [7 <../input/figure_hwy.jpg>]
(../input/table_reg.tex
(/share/software/user/open/texlive/2019/texmf-dist/tex/latex/amsfonts/umsa.fd)
(/share/software/user/open/texlive/2019/texmf-dist/tex/latex/amsfonts/umsb.fd)
(/share/software/user/open/texlive/2019/texmf-dist/tex/latex/sansmathaccent/ot1
mathkerncmss.fd))
Overfull \vbox (38.79436pt too high) detected at line 96
[8] [9] (./my_project_slides.aux) )
(see the transcript file for additional information){/share/software/user/open/
texlive/2019/texmf-dist/fonts/enc/dvips/cm-super/cm-super-t1.enc}</share/softwa
re/user/open/texlive/2019/texmf-dist/fonts/type1/public/amsfonts/cm/cmmi10.pfb>
</share/software/user/open/texlive/2019/texmf-dist/fonts/type1/public/amsfonts/
cm/cmss10.pfb></share/software/user/open/texlive/2019/texmf-dist/fonts/type1/pu
blic/amsfonts/cm/cmsy10.pfb></share/software/user/open/texlive/2019/texmf-dist/
fonts/type1/public/amsfonts/cm/cmsy7.pfb></share/software/user/open/texlive/201
9/texmf-dist/fonts/type1/public/cm-super/sfsi1000.pfb></share/software/user/ope
n/texlive/2019/texmf-dist/fonts/type1/public/cm-super/sfss0700.pfb></share/soft
ware/user/open/texlive/2019/texmf-dist/fonts/type1/public/cm-super/sfss0900.pfb
></share/software/user/open/texlive/2019/texmf-dist/fonts/type1/public/cm-super
/sfss1000.pfb></share/software/user/open/texlive/2019/texmf-dist/fonts/type1/pu
blic/cm-super/sfss1440.pfb></share/software/user/open/texlive/2019/texmf-dist/f
onts/type1/public/cm-super/sfsx0900.pfb></share/software/user/open/texlive/2019
/texmf-dist/fonts/type1/public/cm-super/sfsx1000.pfb>
Output written on my_project_slides.pdf (9 pages, 935758 bytes).
Transcript written on my_project_slides.log.
Latexmk: Log file says output to 'my_project_slides.pdf'
=== TeX engine is 'pdfTeX'
Latexmk: All targets () are up-to-date

The following files were created in my_project_slides.tex:
my_project_slides.pdf 

make.sh finished at 2025-07-14 13:17:31
