
Script my_project.tex in latexmk -pdf -bibtex started at 2025-07-14 15:18:11
Script my_project.tex finished successfully at 2025-07-14 15:18:13
Output: Latexmk: This is Latexmk, John Collins, 18 June 2019, version: 4.65.
Rule 'pdflatex': The following rules & subrules became out-of-date:
      'pdflatex'
------------
Run number 1 of rule 'pdflatex'
------------
------------
Running 'pdflatex  -interaction=nonstopmode -recorder  "my_project.tex"'
------------
Latexmk: applying rule 'pdflatex'...
This is pdfTeX, Version 3.14159265-2.6-1.40.20 (TeX Live 2019) (preloaded format=pdflatex)
 restricted \write18 enabled.
entering extended mode
(./my_project.tex
LaTeX2e <2019-10-01> patch level 1
(/share/software/user/open/texlive/2019/texmf-dist/tex/latex/base/article.cls
Document Class: article 2019/08/27 v1.4j Standard LaTeX document class
(/share/software/user/open/texlive/2019/texmf-dist/tex/latex/base/size12.clo))
(/share/software/user/open/texlive/2019/texmf-dist/tex/latex/float/float.sty)
(/share/software/user/open/texlive/2019/texmf-dist/tex/latex/amsmath/amsmath.st
y
For additional information on amsmath, use the `?' option.

(/share/software/user/open/texlive/2019/texmf-dist/tex/latex/amsmath/amstext.st
y
(/share/software/user/open/texlive/2019/texmf-dist/tex/latex/amsmath/amsgen.sty
))
(/share/software/user/open/texlive/2019/texmf-dist/tex/latex/amsmath/amsbsy.sty
)
(/share/software/user/open/texlive/2019/texmf-dist/tex/latex/amsmath/amsopn.sty
))
(/share/software/user/open/texlive/2019/texmf-dist/tex/latex/amscls/amsthm.sty)

(/share/software/user/open/texlive/2019/texmf-dist/tex/latex/amsfonts/amssymb.s
ty
(/share/software/user/open/texlive/2019/texmf-dist/tex/latex/amsfonts/amsfonts.
sty))
(/share/software/user/open/texlive/2019/texmf-dist/tex/latex/graphics/graphicx.
sty
(/share/software/user/open/texlive/2019/texmf-dist/tex/latex/graphics/keyval.st
y)
(/share/software/user/open/texlive/2019/texmf-dist/tex/latex/graphics/graphics.
sty
(/share/software/user/open/texlive/2019/texmf-dist/tex/latex/graphics/trig.sty)

(/share/software/user/open/texlive/2019/texmf-dist/tex/latex/graphics-cfg/graph
ics.cfg)
(/share/software/user/open/texlive/2019/texmf-dist/tex/latex/graphics-def/pdfte
x.def)))
(/share/software/user/open/texlive/2019/texmf-dist/tex/latex/natbib/natbib.sty)

(/share/software/user/open/texlive/2019/texmf-dist/tex/latex/setspace/setspace.
sty)
(/share/software/user/open/texlive/2019/texmf-dist/tex/latex/geometry/geometry.
sty
(/share/software/user/open/texlive/2019/texmf-dist/tex/generic/oberdiek/ifpdf.s
ty)
(/share/software/user/open/texlive/2019/texmf-dist/tex/generic/oberdiek/ifvtex.
sty)
(/share/software/user/open/texlive/2019/texmf-dist/tex/generic/ifxetex/ifxetex.
sty))
(/share/software/user/open/texlive/2019/texmf-dist/tex/latex/datetime/datetime.
sty
(/share/software/user/open/texlive/2019/texmf-dist/tex/latex/etoolbox/etoolbox.
sty)
(/share/software/user/open/texlive/2019/texmf-dist/tex/latex/fmtcount/fmtcount.
sty
(/share/software/user/open/texlive/2019/texmf-dist/tex/latex/base/ifthen.sty)
(/share/software/user/open/texlive/2019/texmf-dist/tex/latex/xkeyval/xkeyval.st
y
(/share/software/user/open/texlive/2019/texmf-dist/tex/generic/xkeyval/xkeyval.
tex
(/share/software/user/open/texlive/2019/texmf-dist/tex/generic/xkeyval/xkvutils
.tex)))
(/share/software/user/open/texlive/2019/texmf-dist/tex/latex/fmtcount/fcprefix.
sty
(/share/software/user/open/texlive/2019/texmf-dist/tex/latex/fmtcount/fcnumpars
er.sty)))
(/share/software/user/open/texlive/2019/texmf-dist/tex/latex/datetime/datetime-
defaults.sty))
(/share/software/user/open/texlive/2019/texmf-dist/tex/latex/booktabs/booktabs.
sty)
(/share/software/user/open/texlive/2019/texmf-dist/tex/latex/tools/dcolumn.sty
(/share/software/user/open/texlive/2019/texmf-dist/tex/latex/tools/array.sty))
(/share/software/user/open/texlive/2019/texmf-dist/tex/generic/babel/babel.sty
(/share/software/user/open/texlive/2019/texmf-dist/tex/generic/babel/switch.def
)
(/share/software/user/open/texlive/2019/texmf-dist/tex/generic/babel-english/en
glish.ldf
(/share/software/user/open/texlive/2019/texmf-dist/tex/generic/babel/babel.def
(/share/software/user/open/texlive/2019/texmf-dist/tex/generic/babel/txtbabel.d
ef))))
(/share/software/user/open/texlive/2019/texmf-dist/tex/latex/psnfss/times.sty)
(/share/software/user/open/texlive/2019/texmf-dist/tex/latex/url/url.sty)
(/share/software/user/open/texlive/2019/texmf-dist/tex/latex/caption/caption.st
y
(/share/software/user/open/texlive/2019/texmf-dist/tex/latex/caption/caption3.s
ty))
(/share/software/user/open/texlive/2019/texmf-dist/tex/latex/footmisc/footmisc.
sty) (./my_project.aux)
(/share/software/user/open/texlive/2019/texmf-dist/tex/latex/psnfss/ot1ptm.fd)
(/share/software/user/open/texlive/2019/texmf-dist/tex/context/base/mkii/supp-p
df.mkii
[Loading MPS to PDF converter (version 2006.09.02).]
)
(/share/software/user/open/texlive/2019/texmf-dist/tex/latex/oberdiek/epstopdf-
base.sty
(/share/software/user/open/texlive/2019/texmf-dist/tex/generic/oberdiek/infware
rr.sty)
(/share/software/user/open/texlive/2019/texmf-dist/tex/latex/oberdiek/grfext.st
y
(/share/software/user/open/texlive/2019/texmf-dist/tex/generic/oberdiek/kvdefin
ekeys.sty
(/share/software/user/open/texlive/2019/texmf-dist/tex/generic/oberdiek/ltxcmds
.sty)))
(/share/software/user/open/texlive/2019/texmf-dist/tex/latex/oberdiek/kvoptions
.sty
(/share/software/user/open/texlive/2019/texmf-dist/tex/generic/oberdiek/kvsetke
ys.sty
(/share/software/user/open/texlive/2019/texmf-dist/tex/generic/oberdiek/etexcmd
s.sty
(/share/software/user/open/texlive/2019/texmf-dist/tex/generic/oberdiek/ifluate
x.sty))))
(/share/software/user/open/texlive/2019/texmf-dist/tex/generic/oberdiek/pdftexc
mds.sty)
(/share/software/user/open/texlive/2019/texmf-dist/tex/latex/latexconfig/epstop
df-sys.cfg))
*geometry* driver: auto-detecting
*geometry* detected driver: pdftex
*geometry* verbose mode - [ preamble ] result:
* driver: pdftex
* paper: <default>
* layout: <same size as paper>
* layoutoffset:(h,v)=(0.0pt,0.0pt)
* modes: 
* h-part:(L,W,R)=(72.26999pt, 469.75502pt, 72.26999pt)
* v-part:(T,H,B)=(72.26999pt, 650.43001pt, 72.26999pt)
* \paperwidth=614.295pt
* \paperheight=794.96999pt
* \textwidth=469.75502pt
* \textheight=650.43001pt
* \oddsidemargin=0.0pt
* \evensidemargin=0.0pt
* \topmargin=-37.0pt
* \headheight=12.0pt
* \headsep=25.0pt
* \topskip=12.0pt
* \footskip=30.0pt
* \marginparwidth=44.0pt
* \marginparsep=10.0pt
* \columnsep=10.0pt
* \skip\footins=10.8pt plus 4.0pt minus 2.0pt
* \hoffset=0.0pt
* \voffset=0.0pt
* \mag=1000
* \@twocolumnfalse
* \@twosidefalse
* \@mparswitchfalse
* \@reversemarginfalse
* (1in=72.27pt=25.4mm, 1cm=28.453pt)

(/share/software/user/open/texlive/2019/texmf-dist/tex/latex/amsfonts/umsa.fd)
(/share/software/user/open/texlive/2019/texmf-dist/tex/latex/amsfonts/umsb.fd)
(/share/software/user/open/texlive/2019/texmf-dist/tex/latex/psnfss/omsptm.fd)
[1{/share/software/user/open/texlive/2019/texmf-var/fonts/map/pdftex/updmap/pdf
tex.map}]

Package natbib Warning: Citation `Arrow1974' on page 2 undefined on input line 
55.


Package natbib Warning: Citation `Becker2009' on page 2 undefined on input line
 55.


Package natbib Warning: Citation `Friedman1970' on page 2 undefined on input li
ne 55.

[2] [3] [4]
No file my_project.bbl.
[5 <../input/figure_city.jpg>] [6 <../input/figure_hwy.jpg>]
(../input/table_reg.tex)

Package natbib Warning: There were undefined citations.

[7] (./my_project.aux)

LaTeX Warning: Label(s) may have changed. Rerun to get cross-references right.

 ){/share/software/user/open/texlive/2019/texmf-dist/fonts/enc/dvips/base/8r.en
c}</share/software/user/open/texlive/2019/texmf-dist/fonts/type1/public/amsfont
s/cm/cmmi12.pfb></share/software/user/open/texlive/2019/texmf-dist/fonts/type1/
public/amsfonts/cm/cmr12.pfb></share/software/user/open/texlive/2019/texmf-dist
/fonts/type1/public/amsfonts/cm/cmr8.pfb></share/software/user/open/texlive/201
9/texmf-dist/fonts/type1/public/amsfonts/cm/cmsy10.pfb></share/software/user/op
en/texlive/2019/texmf-dist/fonts/type1/public/amsfonts/cm/cmsy7.pfb></share/sof
tware/user/open/texlive/2019/texmf-dist/fonts/type1/public/amsfonts/cm/cmsy8.pf
b></share/software/user/open/texlive/2019/texmf-dist/fonts/type1/urw/times/utmb
8a.pfb></share/software/user/open/texlive/2019/texmf-dist/fonts/type1/urw/times
/utmr8a.pfb></share/software/user/open/texlive/2019/texmf-dist/fonts/type1/urw/
times/utmri8a.pfb>
Output written on my_project.pdf (7 pages, 412977 bytes).
Transcript written on my_project.log.
Latexmk: Non-existent bbl file 'my_project.bbl'
 No file my_project.bbl.
Latexmk: References changed.
Latexmk: Log file says output to 'my_project.pdf'
Latexmk: List of undefined refs and citations:
  Citation `Arrow1974' on page 2 undefined on input line 55
  Citation `Becker2009' on page 2 undefined on input line 55
  Citation `Friedman1970' on page 2 undefined on input line 55
=== TeX engine is 'pdfTeX'
Latexmk: Found bibliography file(s) [my_project.bib]
Rule 'bibtex my_project': File changes, etc:
   Changed files, or newly in use since previous run(s):
      'my_project.aux'
------------
Run number 1 of rule 'bibtex my_project'
------------
------------
Running 'bibtex  "my_project"'
------------
Latexmk: applying rule 'bibtex my_project'...
For rule 'bibtex my_project', running '&run_bibtex(  )' ...
This is BibTeX, Version 0.99d (TeX Live 2019)
The top-level auxiliary file: my_project.aux
The style file: apalike.bst
Database file #1: my_project.bib
Rule 'pdflatex': File changes, etc:
   Changed files, or newly in use since previous run(s):
      'my_project.aux'
      'my_project.bbl'
------------
Run number 2 of rule 'pdflatex'
------------
------------
Running 'pdflatex  -interaction=nonstopmode -recorder  "my_project.tex"'
------------
Latexmk: applying rule 'pdflatex'...
This is pdfTeX, Version 3.14159265-2.6-1.40.20 (TeX Live 2019) (preloaded format=pdflatex)
 restricted \write18 enabled.
entering extended mode
(./my_project.tex
LaTeX2e <2019-10-01> patch level 1
(/share/software/user/open/texlive/2019/texmf-dist/tex/latex/base/article.cls
Document Class: article 2019/08/27 v1.4j Standard LaTeX document class
(/share/software/user/open/texlive/2019/texmf-dist/tex/latex/base/size12.clo))
(/share/software/user/open/texlive/2019/texmf-dist/tex/latex/float/float.sty)
(/share/software/user/open/texlive/2019/texmf-dist/tex/latex/amsmath/amsmath.st
y
For additional information on amsmath, use the `?' option.

(/share/software/user/open/texlive/2019/texmf-dist/tex/latex/amsmath/amstext.st
y
(/share/software/user/open/texlive/2019/texmf-dist/tex/latex/amsmath/amsgen.sty
))
(/share/software/user/open/texlive/2019/texmf-dist/tex/latex/amsmath/amsbsy.sty
)
(/share/software/user/open/texlive/2019/texmf-dist/tex/latex/amsmath/amsopn.sty
))
(/share/software/user/open/texlive/2019/texmf-dist/tex/latex/amscls/amsthm.sty)

(/share/software/user/open/texlive/2019/texmf-dist/tex/latex/amsfonts/amssymb.s
ty
(/share/software/user/open/texlive/2019/texmf-dist/tex/latex/amsfonts/amsfonts.
sty))
(/share/software/user/open/texlive/2019/texmf-dist/tex/latex/graphics/graphicx.
sty
(/share/software/user/open/texlive/2019/texmf-dist/tex/latex/graphics/keyval.st
y)
(/share/software/user/open/texlive/2019/texmf-dist/tex/latex/graphics/graphics.
sty
(/share/software/user/open/texlive/2019/texmf-dist/tex/latex/graphics/trig.sty)

(/share/software/user/open/texlive/2019/texmf-dist/tex/latex/graphics-cfg/graph
ics.cfg)
(/share/software/user/open/texlive/2019/texmf-dist/tex/latex/graphics-def/pdfte
x.def)))
(/share/software/user/open/texlive/2019/texmf-dist/tex/latex/natbib/natbib.sty)

(/share/software/user/open/texlive/2019/texmf-dist/tex/latex/setspace/setspace.
sty)
(/share/software/user/open/texlive/2019/texmf-dist/tex/latex/geometry/geometry.
sty
(/share/software/user/open/texlive/2019/texmf-dist/tex/generic/oberdiek/ifpdf.s
ty)
(/share/software/user/open/texlive/2019/texmf-dist/tex/generic/oberdiek/ifvtex.
sty)
(/share/software/user/open/texlive/2019/texmf-dist/tex/generic/ifxetex/ifxetex.
sty))
(/share/software/user/open/texlive/2019/texmf-dist/tex/latex/datetime/datetime.
sty
(/share/software/user/open/texlive/2019/texmf-dist/tex/latex/etoolbox/etoolbox.
sty)
(/share/software/user/open/texlive/2019/texmf-dist/tex/latex/fmtcount/fmtcount.
sty
(/share/software/user/open/texlive/2019/texmf-dist/tex/latex/base/ifthen.sty)
(/share/software/user/open/texlive/2019/texmf-dist/tex/latex/xkeyval/xkeyval.st
y
(/share/software/user/open/texlive/2019/texmf-dist/tex/generic/xkeyval/xkeyval.
tex
(/share/software/user/open/texlive/2019/texmf-dist/tex/generic/xkeyval/xkvutils
.tex)))
(/share/software/user/open/texlive/2019/texmf-dist/tex/latex/fmtcount/fcprefix.
sty
(/share/software/user/open/texlive/2019/texmf-dist/tex/latex/fmtcount/fcnumpars
er.sty)))
(/share/software/user/open/texlive/2019/texmf-dist/tex/latex/datetime/datetime-
defaults.sty))
(/share/software/user/open/texlive/2019/texmf-dist/tex/latex/booktabs/booktabs.
sty)
(/share/software/user/open/texlive/2019/texmf-dist/tex/latex/tools/dcolumn.sty
(/share/software/user/open/texlive/2019/texmf-dist/tex/latex/tools/array.sty))
(/share/software/user/open/texlive/2019/texmf-dist/tex/generic/babel/babel.sty
(/share/software/user/open/texlive/2019/texmf-dist/tex/generic/babel/switch.def
)
(/share/software/user/open/texlive/2019/texmf-dist/tex/generic/babel-english/en
glish.ldf
(/share/software/user/open/texlive/2019/texmf-dist/tex/generic/babel/babel.def
(/share/software/user/open/texlive/2019/texmf-dist/tex/generic/babel/txtbabel.d
ef))))
(/share/software/user/open/texlive/2019/texmf-dist/tex/latex/psnfss/times.sty)
(/share/software/user/open/texlive/2019/texmf-dist/tex/latex/url/url.sty)
(/share/software/user/open/texlive/2019/texmf-dist/tex/latex/caption/caption.st
y
(/share/software/user/open/texlive/2019/texmf-dist/tex/latex/caption/caption3.s
ty))
(/share/software/user/open/texlive/2019/texmf-dist/tex/latex/footmisc/footmisc.
sty) (./my_project.aux)
(/share/software/user/open/texlive/2019/texmf-dist/tex/latex/psnfss/ot1ptm.fd)
(/share/software/user/open/texlive/2019/texmf-dist/tex/context/base/mkii/supp-p
df.mkii
[Loading MPS to PDF converter (version 2006.09.02).]
)
(/share/software/user/open/texlive/2019/texmf-dist/tex/latex/oberdiek/epstopdf-
base.sty
(/share/software/user/open/texlive/2019/texmf-dist/tex/generic/oberdiek/infware
rr.sty)
(/share/software/user/open/texlive/2019/texmf-dist/tex/latex/oberdiek/grfext.st
y
(/share/software/user/open/texlive/2019/texmf-dist/tex/generic/oberdiek/kvdefin
ekeys.sty
(/share/software/user/open/texlive/2019/texmf-dist/tex/generic/oberdiek/ltxcmds
.sty)))
(/share/software/user/open/texlive/2019/texmf-dist/tex/latex/oberdiek/kvoptions
.sty
(/share/software/user/open/texlive/2019/texmf-dist/tex/generic/oberdiek/kvsetke
ys.sty
(/share/software/user/open/texlive/2019/texmf-dist/tex/generic/oberdiek/etexcmd
s.sty
(/share/software/user/open/texlive/2019/texmf-dist/tex/generic/oberdiek/ifluate
x.sty))))
(/share/software/user/open/texlive/2019/texmf-dist/tex/generic/oberdiek/pdftexc
mds.sty)
(/share/software/user/open/texlive/2019/texmf-dist/tex/latex/latexconfig/epstop
df-sys.cfg))
*geometry* driver: auto-detecting
*geometry* detected driver: pdftex
*geometry* verbose mode - [ preamble ] result:
* driver: pdftex
* paper: <default>
* layout: <same size as paper>
* layoutoffset:(h,v)=(0.0pt,0.0pt)
* modes: 
* h-part:(L,W,R)=(72.26999pt, 469.75502pt, 72.26999pt)
* v-part:(T,H,B)=(72.26999pt, 650.43001pt, 72.26999pt)
* \paperwidth=614.295pt
* \paperheight=794.96999pt
* \textwidth=469.75502pt
* \textheight=650.43001pt
* \oddsidemargin=0.0pt
* \evensidemargin=0.0pt
* \topmargin=-37.0pt
* \headheight=12.0pt
* \headsep=25.0pt
* \topskip=12.0pt
* \footskip=30.0pt
* \marginparwidth=44.0pt
* \marginparsep=10.0pt
* \columnsep=10.0pt
* \skip\footins=10.8pt plus 4.0pt minus 2.0pt
* \hoffset=0.0pt
* \voffset=0.0pt
* \mag=1000
* \@twocolumnfalse
* \@twosidefalse
* \@mparswitchfalse
* \@reversemarginfalse
* (1in=72.27pt=25.4mm, 1cm=28.453pt)

(/share/software/user/open/texlive/2019/texmf-dist/tex/latex/amsfonts/umsa.fd)
(/share/software/user/open/texlive/2019/texmf-dist/tex/latex/amsfonts/umsb.fd)
(/share/software/user/open/texlive/2019/texmf-dist/tex/latex/psnfss/omsptm.fd)
[1{/share/software/user/open/texlive/2019/texmf-var/fonts/map/pdftex/updmap/pdf
tex.map}]

Package natbib Warning: Citation `Arrow1974' on page 2 undefined on input line 
55.


Package natbib Warning: Citation `Becker2009' on page 2 undefined on input line
 55.


Package natbib Warning: Citation `Friedman1970' on page 2 undefined on input li
ne 55.

[2] [3] [4] (./my_project.bbl) [5] [6 <../input/figure_city.jpg>] [7 <../input/
figure_hwy.jpg>] (../input/table_reg.tex)

Package natbib Warning: There were undefined citations.

[8] (./my_project.aux

Package natbib Warning: Citation(s) may have changed.
(natbib)                Rerun to get citations correct.

)

LaTeX Warning: Label(s) may have changed. Rerun to get cross-references right.

 ){/share/software/user/open/texlive/2019/texmf-dist/fonts/enc/dvips/base/8r.en
c}</share/software/user/open/texlive/2019/texmf-dist/fonts/type1/public/amsfont
s/cm/cmmi12.pfb></share/software/user/open/texlive/2019/texmf-dist/fonts/type1/
public/amsfonts/cm/cmr12.pfb></share/software/user/open/texlive/2019/texmf-dist
/fonts/type1/public/amsfonts/cm/cmr8.pfb></share/software/user/open/texlive/201
9/texmf-dist/fonts/type1/public/amsfonts/cm/cmsy10.pfb></share/software/user/op
en/texlive/2019/texmf-dist/fonts/type1/public/amsfonts/cm/cmsy7.pfb></share/sof
tware/user/open/texlive/2019/texmf-dist/fonts/type1/public/amsfonts/cm/cmsy8.pf
b></share/software/user/open/texlive/2019/texmf-dist/fonts/type1/urw/times/utmb
8a.pfb></share/software/user/open/texlive/2019/texmf-dist/fonts/type1/urw/times
/utmr8a.pfb></share/software/user/open/texlive/2019/texmf-dist/fonts/type1/urw/
times/utmri8a.pfb>
Output written on my_project.pdf (8 pages, 417291 bytes).
Transcript written on my_project.log.
Latexmk: Found input bbl file 'my_project.bbl'
Latexmk: References changed.
Latexmk: References changed.
Latexmk: Log file says output to 'my_project.pdf'
Latexmk: List of undefined refs and citations:
  Citation `Arrow1974' on page 2 undefined on input line 55
  Citation `Becker2009' on page 2 undefined on input line 55
  Citation `Friedman1970' on page 2 undefined on input line 55
=== TeX engine is 'pdfTeX'
Latexmk: Found bibliography file(s) [my_project.bib]
Rule 'bibtex my_project': File changes, etc:
   Changed files, or newly in use since previous run(s):
      'my_project.aux'
------------
Run number 2 of rule 'bibtex my_project'
------------
------------
Running 'bibtex  "my_project"'
------------
Latexmk: applying rule 'bibtex my_project'...
For rule 'bibtex my_project', running '&run_bibtex(  )' ...
This is BibTeX, Version 0.99d (TeX Live 2019)
The top-level auxiliary file: my_project.aux
The style file: apalike.bst
Database file #1: my_project.bib
Rule 'pdflatex': File changes, etc:
   Changed files, or newly in use since previous run(s):
      'my_project.aux'
------------
Run number 3 of rule 'pdflatex'
------------
------------
Running 'pdflatex  -interaction=nonstopmode -recorder  "my_project.tex"'
------------
Latexmk: applying rule 'pdflatex'...
This is pdfTeX, Version 3.14159265-2.6-1.40.20 (TeX Live 2019) (preloaded format=pdflatex)
 restricted \write18 enabled.
entering extended mode
(./my_project.tex
LaTeX2e <2019-10-01> patch level 1
(/share/software/user/open/texlive/2019/texmf-dist/tex/latex/base/article.cls
Document Class: article 2019/08/27 v1.4j Standard LaTeX document class
(/share/software/user/open/texlive/2019/texmf-dist/tex/latex/base/size12.clo))
(/share/software/user/open/texlive/2019/texmf-dist/tex/latex/float/float.sty)
(/share/software/user/open/texlive/2019/texmf-dist/tex/latex/amsmath/amsmath.st
y
For additional information on amsmath, use the `?' option.

(/share/software/user/open/texlive/2019/texmf-dist/tex/latex/amsmath/amstext.st
y
(/share/software/user/open/texlive/2019/texmf-dist/tex/latex/amsmath/amsgen.sty
))
(/share/software/user/open/texlive/2019/texmf-dist/tex/latex/amsmath/amsbsy.sty
)
(/share/software/user/open/texlive/2019/texmf-dist/tex/latex/amsmath/amsopn.sty
))
(/share/software/user/open/texlive/2019/texmf-dist/tex/latex/amscls/amsthm.sty)

(/share/software/user/open/texlive/2019/texmf-dist/tex/latex/amsfonts/amssymb.s
ty
(/share/software/user/open/texlive/2019/texmf-dist/tex/latex/amsfonts/amsfonts.
sty))
(/share/software/user/open/texlive/2019/texmf-dist/tex/latex/graphics/graphicx.
sty
(/share/software/user/open/texlive/2019/texmf-dist/tex/latex/graphics/keyval.st
y)
(/share/software/user/open/texlive/2019/texmf-dist/tex/latex/graphics/graphics.
sty
(/share/software/user/open/texlive/2019/texmf-dist/tex/latex/graphics/trig.sty)

(/share/software/user/open/texlive/2019/texmf-dist/tex/latex/graphics-cfg/graph
ics.cfg)
(/share/software/user/open/texlive/2019/texmf-dist/tex/latex/graphics-def/pdfte
x.def)))
(/share/software/user/open/texlive/2019/texmf-dist/tex/latex/natbib/natbib.sty)

(/share/software/user/open/texlive/2019/texmf-dist/tex/latex/setspace/setspace.
sty)
(/share/software/user/open/texlive/2019/texmf-dist/tex/latex/geometry/geometry.
sty
(/share/software/user/open/texlive/2019/texmf-dist/tex/generic/oberdiek/ifpdf.s
ty)
(/share/software/user/open/texlive/2019/texmf-dist/tex/generic/oberdiek/ifvtex.
sty)
(/share/software/user/open/texlive/2019/texmf-dist/tex/generic/ifxetex/ifxetex.
sty))
(/share/software/user/open/texlive/2019/texmf-dist/tex/latex/datetime/datetime.
sty
(/share/software/user/open/texlive/2019/texmf-dist/tex/latex/etoolbox/etoolbox.
sty)
(/share/software/user/open/texlive/2019/texmf-dist/tex/latex/fmtcount/fmtcount.
sty
(/share/software/user/open/texlive/2019/texmf-dist/tex/latex/base/ifthen.sty)
(/share/software/user/open/texlive/2019/texmf-dist/tex/latex/xkeyval/xkeyval.st
y
(/share/software/user/open/texlive/2019/texmf-dist/tex/generic/xkeyval/xkeyval.
tex
(/share/software/user/open/texlive/2019/texmf-dist/tex/generic/xkeyval/xkvutils
.tex)))
(/share/software/user/open/texlive/2019/texmf-dist/tex/latex/fmtcount/fcprefix.
sty
(/share/software/user/open/texlive/2019/texmf-dist/tex/latex/fmtcount/fcnumpars
er.sty)))
(/share/software/user/open/texlive/2019/texmf-dist/tex/latex/datetime/datetime-
defaults.sty))
(/share/software/user/open/texlive/2019/texmf-dist/tex/latex/booktabs/booktabs.
sty)
(/share/software/user/open/texlive/2019/texmf-dist/tex/latex/tools/dcolumn.sty
(/share/software/user/open/texlive/2019/texmf-dist/tex/latex/tools/array.sty))
(/share/software/user/open/texlive/2019/texmf-dist/tex/generic/babel/babel.sty
(/share/software/user/open/texlive/2019/texmf-dist/tex/generic/babel/switch.def
)
(/share/software/user/open/texlive/2019/texmf-dist/tex/generic/babel-english/en
glish.ldf
(/share/software/user/open/texlive/2019/texmf-dist/tex/generic/babel/babel.def
(/share/software/user/open/texlive/2019/texmf-dist/tex/generic/babel/txtbabel.d
ef))))
(/share/software/user/open/texlive/2019/texmf-dist/tex/latex/psnfss/times.sty)
(/share/software/user/open/texlive/2019/texmf-dist/tex/latex/url/url.sty)
(/share/software/user/open/texlive/2019/texmf-dist/tex/latex/caption/caption.st
y
(/share/software/user/open/texlive/2019/texmf-dist/tex/latex/caption/caption3.s
ty))
(/share/software/user/open/texlive/2019/texmf-dist/tex/latex/footmisc/footmisc.
sty) (./my_project.aux)
(/share/software/user/open/texlive/2019/texmf-dist/tex/latex/psnfss/ot1ptm.fd)
(/share/software/user/open/texlive/2019/texmf-dist/tex/context/base/mkii/supp-p
df.mkii
[Loading MPS to PDF converter (version 2006.09.02).]
)
(/share/software/user/open/texlive/2019/texmf-dist/tex/latex/oberdiek/epstopdf-
base.sty
(/share/software/user/open/texlive/2019/texmf-dist/tex/generic/oberdiek/infware
rr.sty)
(/share/software/user/open/texlive/2019/texmf-dist/tex/latex/oberdiek/grfext.st
y
(/share/software/user/open/texlive/2019/texmf-dist/tex/generic/oberdiek/kvdefin
ekeys.sty
(/share/software/user/open/texlive/2019/texmf-dist/tex/generic/oberdiek/ltxcmds
.sty)))
(/share/software/user/open/texlive/2019/texmf-dist/tex/latex/oberdiek/kvoptions
.sty
(/share/software/user/open/texlive/2019/texmf-dist/tex/generic/oberdiek/kvsetke
ys.sty
(/share/software/user/open/texlive/2019/texmf-dist/tex/generic/oberdiek/etexcmd
s.sty
(/share/software/user/open/texlive/2019/texmf-dist/tex/generic/oberdiek/ifluate
x.sty))))
(/share/software/user/open/texlive/2019/texmf-dist/tex/generic/oberdiek/pdftexc
mds.sty)
(/share/software/user/open/texlive/2019/texmf-dist/tex/latex/latexconfig/epstop
df-sys.cfg))
*geometry* driver: auto-detecting
*geometry* detected driver: pdftex
*geometry* verbose mode - [ preamble ] result:
* driver: pdftex
* paper: <default>
* layout: <same size as paper>
* layoutoffset:(h,v)=(0.0pt,0.0pt)
* modes: 
* h-part:(L,W,R)=(72.26999pt, 469.75502pt, 72.26999pt)
* v-part:(T,H,B)=(72.26999pt, 650.43001pt, 72.26999pt)
* \paperwidth=614.295pt
* \paperheight=794.96999pt
* \textwidth=469.75502pt
* \textheight=650.43001pt
* \oddsidemargin=0.0pt
* \evensidemargin=0.0pt
* \topmargin=-37.0pt
* \headheight=12.0pt
* \headsep=25.0pt
* \topskip=12.0pt
* \footskip=30.0pt
* \marginparwidth=44.0pt
* \marginparsep=10.0pt
* \columnsep=10.0pt
* \skip\footins=10.8pt plus 4.0pt minus 2.0pt
* \hoffset=0.0pt
* \voffset=0.0pt
* \mag=1000
* \@twocolumnfalse
* \@twosidefalse
* \@mparswitchfalse
* \@reversemarginfalse
* (1in=72.27pt=25.4mm, 1cm=28.453pt)

(/share/software/user/open/texlive/2019/texmf-dist/tex/latex/amsfonts/umsa.fd)
(/share/software/user/open/texlive/2019/texmf-dist/tex/latex/amsfonts/umsb.fd)
(/share/software/user/open/texlive/2019/texmf-dist/tex/latex/psnfss/omsptm.fd)
[1{/share/software/user/open/texlive/2019/texmf-var/fonts/map/pdftex/updmap/pdf
tex.map}] [2] [3] [4] (./my_project.bbl) [5] [6 <../input/figure_city.jpg>]
[7 <../input/figure_hwy.jpg>] (../input/table_reg.tex) [8] (./my_project.aux) )
{/share/software/user/open/texlive/2019/texmf-dist/fonts/enc/dvips/base/8r.enc}
</share/software/user/open/texlive/2019/texmf-dist/fonts/type1/public/amsfonts/
cm/cmmi12.pfb></share/software/user/open/texlive/2019/texmf-dist/fonts/type1/pu
blic/amsfonts/cm/cmr12.pfb></share/software/user/open/texlive/2019/texmf-dist/f
onts/type1/public/amsfonts/cm/cmr8.pfb></share/software/user/open/texlive/2019/
texmf-dist/fonts/type1/public/amsfonts/cm/cmsy10.pfb></share/software/user/open
/texlive/2019/texmf-dist/fonts/type1/public/amsfonts/cm/cmsy7.pfb></share/softw
are/user/open/texlive/2019/texmf-dist/fonts/type1/public/amsfonts/cm/cmsy8.pfb>
</share/software/user/open/texlive/2019/texmf-dist/fonts/type1/urw/times/utmb8a
.pfb></share/software/user/open/texlive/2019/texmf-dist/fonts/type1/urw/times/u
tmr8a.pfb></share/software/user/open/texlive/2019/texmf-dist/fonts/type1/urw/ti
mes/utmri8a.pfb>
Output written on my_project.pdf (8 pages, 416701 bytes).
Transcript written on my_project.log.
Latexmk: Found input bbl file 'my_project.bbl'
Latexmk: Log file says output to 'my_project.pdf'
=== TeX engine is 'pdfTeX'
Latexmk: Found bibliography file(s) [my_project.bib]
Latexmk: All targets () are up-to-date

The following files were created in my_project.tex:
my_project.pdf 

make.sh finished at 2025-07-14 15:18:13
